<?xml version="1.0" encoding="UTF-8"?>
<testsuite xmlns:xsi="http://www.w3.org/2001/XMLSchema-instance" xsi:noNamespaceSchemaLocation="https://maven.apache.org/surefire/maven-surefire-plugin/xsd/surefire-test-report.xsd" name="com.boot.AppTest" time="0.094" tests="1" errors="0" skipped="0" failures="0">
  <properties>
    <property name="sun.desktop" value="windows"/>
    <property name="awt.toolkit" value="sun.awt.windows.WToolkit"/>
    <property name="file.encoding.pkg" value="sun.io"/>
    <property name="java.specification.version" value="1.8"/>
    <property name="sun.cpu.isalist" value="amd64"/>
    <property name="sun.jnu.encoding" value="Cp1252"/>
    <property name="java.class.path" value="G:\Workspace\Git_Workspace\SpringBootExamples\shipwreckboot\target\test-classes;G:\Workspace\Git_Workspace\SpringBootExamples\shipwreckboot\target\classes;G:\Software\maven-repo-for-my-proj\org\springframework\boot\spring-boot-starter-web\2.0.1.RELEASE\spring-boot-starter-web-2.0.1.RELEASE.jar;G:\Software\maven-repo-for-my-proj\org\springframework\boot\spring-boot-starter\2.0.1.RELEASE\spring-boot-starter-2.0.1.RELEASE.jar;G:\Software\maven-repo-for-my-proj\org\springframework\boot\spring-boot\2.0.1.RELEASE\spring-boot-2.0.1.RELEASE.jar;G:\Software\maven-repo-for-my-proj\org\springframework\boot\spring-boot-autoconfigure\2.0.1.RELEASE\spring-boot-autoconfigure-2.0.1.RELEASE.jar;G:\Software\maven-repo-for-my-proj\org\springframework\boot\spring-boot-starter-logging\2.0.1.RELEASE\spring-boot-starter-logging-2.0.1.RELEASE.jar;G:\Software\maven-repo-for-my-proj\ch\qos\logback\logback-classic\1.2.3\logback-classic-1.2.3.jar;G:\Software\maven-repo-for-my-proj\ch\qos\logback\logback-core\1.2.3\logback-core-1.2.3.jar;G:\Software\maven-repo-for-my-proj\org\apache\logging\log4j\log4j-to-slf4j\2.10.0\log4j-to-slf4j-2.10.0.jar;G:\Software\maven-repo-for-my-proj\org\apache\logging\log4j\log4j-api\2.10.0\log4j-api-2.10.0.jar;G:\Software\maven-repo-for-my-proj\org\slf4j\jul-to-slf4j\1.7.25\jul-to-slf4j-1.7.25.jar;G:\Software\maven-repo-for-my-proj\javax\annotation\javax.annotation-api\1.3.2\javax.annotation-api-1.3.2.jar;G:\Software\maven-repo-for-my-proj\org\yaml\snakeyaml\1.19\snakeyaml-1.19.jar;G:\Software\maven-repo-for-my-proj\org\springframework\boot\spring-boot-starter-json\2.0.1.RELEASE\spring-boot-starter-json-2.0.1.RELEASE.jar;G:\Software\maven-repo-for-my-proj\com\fasterxml\jackson\core\jackson-databind\2.9.5\jackson-databind-2.9.5.jar;G:\Software\maven-repo-for-my-proj\com\fasterxml\jackson\core\jackson-annotations\2.9.0\jackson-annotations-2.9.0.jar;G:\Software\maven-repo-for-my-proj\com\fasterxml\jackson\core\jackson-core\2.9.5\jackson-core-2.9.5.jar;G:\Software\maven-repo-for-my-proj\com\fasterxml\jackson\datatype\jackson-datatype-jdk8\2.9.5\jackson-datatype-jdk8-2.9.5.jar;G:\Software\maven-repo-for-my-proj\com\fasterxml\jackson\datatype\jackson-datatype-jsr310\2.9.5\jackson-datatype-jsr310-2.9.5.jar;G:\Software\maven-repo-for-my-proj\com\fasterxml\jackson\module\jackson-module-parameter-names\2.9.5\jackson-module-parameter-names-2.9.5.jar;G:\Software\maven-repo-for-my-proj\org\springframework\boot\spring-boot-starter-tomcat\2.0.1.RELEASE\spring-boot-starter-tomcat-2.0.1.RELEASE.jar;G:\Software\maven-repo-for-my-proj\org\apache\tomcat\embed\tomcat-embed-core\8.5.29\tomcat-embed-core-8.5.29.jar;G:\Software\maven-repo-for-my-proj\org\apache\tomcat\embed\tomcat-embed-el\8.5.29\tomcat-embed-el-8.5.29.jar;G:\Software\maven-repo-for-my-proj\org\apache\tomcat\embed\tomcat-embed-websocket\8.5.29\tomcat-embed-websocket-8.5.29.jar;G:\Software\maven-repo-for-my-proj\org\hibernate\validator\hibernate-validator\6.0.9.Final\hibernate-validator-6.0.9.Final.jar;G:\Software\maven-repo-for-my-proj\javax\validation\validation-api\2.0.1.Final\validation-api-2.0.1.Final.jar;G:\Software\maven-repo-for-my-proj\org\jboss\logging\jboss-logging\3.3.2.Final\jboss-logging-3.3.2.Final.jar;G:\Software\maven-repo-for-my-proj\com\fasterxml\classmate\1.3.4\classmate-1.3.4.jar;G:\Software\maven-repo-for-my-proj\org\springframework\spring-web\5.0.5.RELEASE\spring-web-5.0.5.RELEASE.jar;G:\Software\maven-repo-for-my-proj\org\springframework\spring-beans\5.0.5.RELEASE\spring-beans-5.0.5.RELEASE.jar;G:\Software\maven-repo-for-my-proj\org\springframework\spring-webmvc\5.0.5.RELEASE\spring-webmvc-5.0.5.RELEASE.jar;G:\Software\maven-repo-for-my-proj\org\springframework\spring-aop\5.0.5.RELEASE\spring-aop-5.0.5.RELEASE.jar;G:\Software\maven-repo-for-my-proj\org\springframework\spring-context\5.0.5.RELEASE\spring-context-5.0.5.RELEASE.jar;G:\Software\maven-repo-for-my-proj\org\springframework\spring-expression\5.0.5.RELEASE\spring-expression-5.0.5.RELEASE.jar;G:\Software\maven-repo-for-my-proj\com\h2database\h2\1.4.197\h2-1.4.197.jar;G:\Software\maven-repo-for-my-proj\org\flywaydb\flyway-core\5.0.7\flyway-core-5.0.7.jar;G:\Software\maven-repo-for-my-proj\org\springframework\boot\spring-boot-starter-test\2.0.1.RELEASE\spring-boot-starter-test-2.0.1.RELEASE.jar;G:\Software\maven-repo-for-my-proj\org\springframework\boot\spring-boot-test\2.0.1.RELEASE\spring-boot-test-2.0.1.RELEASE.jar;G:\Software\maven-repo-for-my-proj\org\springframework\boot\spring-boot-test-autoconfigure\2.0.1.RELEASE\spring-boot-test-autoconfigure-2.0.1.RELEASE.jar;G:\Software\maven-repo-for-my-proj\com\jayway\jsonpath\json-path\2.4.0\json-path-2.4.0.jar;G:\Software\maven-repo-for-my-proj\net\minidev\json-smart\2.3\json-smart-2.3.jar;G:\Software\maven-repo-for-my-proj\net\minidev\accessors-smart\1.2\accessors-smart-1.2.jar;G:\Software\maven-repo-for-my-proj\org\ow2\asm\asm\5.0.4\asm-5.0.4.jar;G:\Software\maven-repo-for-my-proj\org\slf4j\slf4j-api\1.7.25\slf4j-api-1.7.25.jar;G:\Software\maven-repo-for-my-proj\org\assertj\assertj-core\3.9.1\assertj-core-3.9.1.jar;G:\Software\maven-repo-for-my-proj\org\mockito\mockito-core\2.15.0\mockito-core-2.15.0.jar;G:\Software\maven-repo-for-my-proj\net\bytebuddy\byte-buddy\1.7.11\byte-buddy-1.7.11.jar;G:\Software\maven-repo-for-my-proj\net\bytebuddy\byte-buddy-agent\1.7.11\byte-buddy-agent-1.7.11.jar;G:\Software\maven-repo-for-my-proj\org\objenesis\objenesis\2.6\objenesis-2.6.jar;G:\Software\maven-repo-for-my-proj\org\hamcrest\hamcrest-core\1.3\hamcrest-core-1.3.jar;G:\Software\maven-repo-for-my-proj\org\hamcrest\hamcrest-library\1.3\hamcrest-library-1.3.jar;G:\Software\maven-repo-for-my-proj\org\skyscreamer\jsonassert\1.5.0\jsonassert-1.5.0.jar;G:\Software\maven-repo-for-my-proj\com\vaadin\external\google\android-json\0.0.20131108.vaadin1\android-json-0.0.20131108.vaadin1.jar;G:\Software\maven-repo-for-my-proj\org\springframework\spring-core\5.0.5.RELEASE\spring-core-5.0.5.RELEASE.jar;G:\Software\maven-repo-for-my-proj\org\springframework\spring-jcl\5.0.5.RELEASE\spring-jcl-5.0.5.RELEASE.jar;G:\Software\maven-repo-for-my-proj\org\springframework\spring-test\5.0.5.RELEASE\spring-test-5.0.5.RELEASE.jar;G:\Software\maven-repo-for-my-proj\org\xmlunit\xmlunit-core\2.5.1\xmlunit-core-2.5.1.jar;G:\Software\maven-repo-for-my-proj\junit\junit\4.11\junit-4.11.jar;"/>
    <property name="java.vm.vendor" value="Oracle Corporation"/>
    <property name="sun.arch.data.model" value="64"/>
    <property name="user.variant" value=""/>
    <property name="java.vendor.url" value="http://java.oracle.com/"/>
    <property name="user.timezone" value=""/>
    <property name="java.vm.specification.version" value="1.8"/>
    <property name="os.name" value="Windows 10"/>
    <property name="user.country" value="US"/>
    <property name="sun.java.launcher" value="SUN_STANDARD"/>
    <property name="sun.boot.library.path" value="C:\Program Files\Java\jdk1.8.0_131\jre\bin"/>
    <property name="sun.java.command" value="C:\cygwin\tmp\surefire182772766855814802\surefirebooter9139503055062083762.jar C:\cygwin\tmp\surefire182772766855814802 2018-04-21T20-35-55_527-jvmRun1 surefire7508750265879799358tmp surefire_05505821112979325177tmp"/>
    <property name="surefire.test.class.path" value="G:\Workspace\Git_Workspace\SpringBootExamples\shipwreckboot\target\test-classes;G:\Workspace\Git_Workspace\SpringBootExamples\shipwreckboot\target\classes;G:\Software\maven-repo-for-my-proj\org\springframework\boot\spring-boot-starter-web\2.0.1.RELEASE\spring-boot-starter-web-2.0.1.RELEASE.jar;G:\Software\maven-repo-for-my-proj\org\springframework\boot\spring-boot-starter\2.0.1.RELEASE\spring-boot-starter-2.0.1.RELEASE.jar;G:\Software\maven-repo-for-my-proj\org\springframework\boot\spring-boot\2.0.1.RELEASE\spring-boot-2.0.1.RELEASE.jar;G:\Software\maven-repo-for-my-proj\org\springframework\boot\spring-boot-autoconfigure\2.0.1.RELEASE\spring-boot-autoconfigure-2.0.1.RELEASE.jar;G:\Software\maven-repo-for-my-proj\org\springframework\boot\spring-boot-starter-logging\2.0.1.RELEASE\spring-boot-starter-logging-2.0.1.RELEASE.jar;G:\Software\maven-repo-for-my-proj\ch\qos\logback\logback-classic\1.2.3\logback-classic-1.2.3.jar;G:\Software\maven-repo-for-my-proj\ch\qos\logback\logback-core\1.2.3\logback-core-1.2.3.jar;G:\Software\maven-repo-for-my-proj\org\apache\logging\log4j\log4j-to-slf4j\2.10.0\log4j-to-slf4j-2.10.0.jar;G:\Software\maven-repo-for-my-proj\org\apache\logging\log4j\log4j-api\2.10.0\log4j-api-2.10.0.jar;G:\Software\maven-repo-for-my-proj\org\slf4j\jul-to-slf4j\1.7.25\jul-to-slf4j-1.7.25.jar;G:\Software\maven-repo-for-my-proj\javax\annotation\javax.annotation-api\1.3.2\javax.annotation-api-1.3.2.jar;G:\Software\maven-repo-for-my-proj\org\yaml\snakeyaml\1.19\snakeyaml-1.19.jar;G:\Software\maven-repo-for-my-proj\org\springframework\boot\spring-boot-starter-json\2.0.1.RELEASE\spring-boot-starter-json-2.0.1.RELEASE.jar;G:\Software\maven-repo-for-my-proj\com\fasterxml\jackson\core\jackson-databind\2.9.5\jackson-databind-2.9.5.jar;G:\Software\maven-repo-for-my-proj\com\fasterxml\jackson\core\jackson-annotations\2.9.0\jackson-annotations-2.9.0.jar;G:\Software\maven-repo-for-my-proj\com\fasterxml\jackson\core\jackson-core\2.9.5\jackson-core-2.9.5.jar;G:\Software\maven-repo-for-my-proj\com\fasterxml\jackson\datatype\jackson-datatype-jdk8\2.9.5\jackson-datatype-jdk8-2.9.5.jar;G:\Software\maven-repo-for-my-proj\com\fasterxml\jackson\datatype\jackson-datatype-jsr310\2.9.5\jackson-datatype-jsr310-2.9.5.jar;G:\Software\maven-repo-for-my-proj\com\fasterxml\jackson\module\jackson-module-parameter-names\2.9.5\jackson-module-parameter-names-2.9.5.jar;G:\Software\maven-repo-for-my-proj\org\springframework\boot\spring-boot-starter-tomcat\2.0.1.RELEASE\spring-boot-starter-tomcat-2.0.1.RELEASE.jar;G:\Software\maven-repo-for-my-proj\org\apache\tomcat\embed\tomcat-embed-core\8.5.29\tomcat-embed-core-8.5.29.jar;G:\Software\maven-repo-for-my-proj\org\apache\tomcat\embed\tomcat-embed-el\8.5.29\tomcat-embed-el-8.5.29.jar;G:\Software\maven-repo-for-my-proj\org\apache\tomcat\embed\tomcat-embed-websocket\8.5.29\tomcat-embed-websocket-8.5.29.jar;G:\Software\maven-repo-for-my-proj\org\hibernate\validator\hibernate-validator\6.0.9.Final\hibernate-validator-6.0.9.Final.jar;G:\Software\maven-repo-for-my-proj\javax\validation\validation-api\2.0.1.Final\validation-api-2.0.1.Final.jar;G:\Software\maven-repo-for-my-proj\org\jboss\logging\jboss-logging\3.3.2.Final\jboss-logging-3.3.2.Final.jar;G:\Software\maven-repo-for-my-proj\com\fasterxml\classmate\1.3.4\classmate-1.3.4.jar;G:\Software\maven-repo-for-my-proj\org\springframework\spring-web\5.0.5.RELEASE\spring-web-5.0.5.RELEASE.jar;G:\Software\maven-repo-for-my-proj\org\springframework\spring-beans\5.0.5.RELEASE\spring-beans-5.0.5.RELEASE.jar;G:\Software\maven-repo-for-my-proj\org\springframework\spring-webmvc\5.0.5.RELEASE\spring-webmvc-5.0.5.RELEASE.jar;G:\Software\maven-repo-for-my-proj\org\springframework\spring-aop\5.0.5.RELEASE\spring-aop-5.0.5.RELEASE.jar;G:\Software\maven-repo-for-my-proj\org\springframework\spring-context\5.0.5.RELEASE\spring-context-5.0.5.RELEASE.jar;G:\Software\maven-repo-for-my-proj\org\springframework\spring-expression\5.0.5.RELEASE\spring-expression-5.0.5.RELEASE.jar;G:\Software\maven-repo-for-my-proj\com\h2database\h2\1.4.197\h2-1.4.197.jar;G:\Software\maven-repo-for-my-proj\org\flywaydb\flyway-core\5.0.7\flyway-core-5.0.7.jar;G:\Software\maven-repo-for-my-proj\org\springframework\boot\spring-boot-starter-test\2.0.1.RELEASE\spring-boot-starter-test-2.0.1.RELEASE.jar;G:\Software\maven-repo-for-my-proj\org\springframework\boot\spring-boot-test\2.0.1.RELEASE\spring-boot-test-2.0.1.RELEASE.jar;G:\Software\maven-repo-for-my-proj\org\springframework\boot\spring-boot-test-autoconfigure\2.0.1.RELEASE\spring-boot-test-autoconfigure-2.0.1.RELEASE.jar;G:\Software\maven-repo-for-my-proj\com\jayway\jsonpath\json-path\2.4.0\json-path-2.4.0.jar;G:\Software\maven-repo-for-my-proj\net\minidev\json-smart\2.3\json-smart-2.3.jar;G:\Software\maven-repo-for-my-proj\net\minidev\accessors-smart\1.2\accessors-smart-1.2.jar;G:\Software\maven-repo-for-my-proj\org\ow2\asm\asm\5.0.4\asm-5.0.4.jar;G:\Software\maven-repo-for-my-proj\org\slf4j\slf4j-api\1.7.25\slf4j-api-1.7.25.jar;G:\Software\maven-repo-for-my-proj\org\assertj\assertj-core\3.9.1\assertj-core-3.9.1.jar;G:\Software\maven-repo-for-my-proj\org\mockito\mockito-core\2.15.0\mockito-core-2.15.0.jar;G:\Software\maven-repo-for-my-proj\net\bytebuddy\byte-buddy\1.7.11\byte-buddy-1.7.11.jar;G:\Software\maven-repo-for-my-proj\net\bytebuddy\byte-buddy-agent\1.7.11\byte-buddy-agent-1.7.11.jar;G:\Software\maven-repo-for-my-proj\org\objenesis\objenesis\2.6\objenesis-2.6.jar;G:\Software\maven-repo-for-my-proj\org\hamcrest\hamcrest-core\1.3\hamcrest-core-1.3.jar;G:\Software\maven-repo-for-my-proj\org\hamcrest\hamcrest-library\1.3\hamcrest-library-1.3.jar;G:\Software\maven-repo-for-my-proj\org\skyscreamer\jsonassert\1.5.0\jsonassert-1.5.0.jar;G:\Software\maven-repo-for-my-proj\com\vaadin\external\google\android-json\0.0.20131108.vaadin1\android-json-0.0.20131108.vaadin1.jar;G:\Software\maven-repo-for-my-proj\org\springframework\spring-core\5.0.5.RELEASE\spring-core-5.0.5.RELEASE.jar;G:\Software\maven-repo-for-my-proj\org\springframework\spring-jcl\5.0.5.RELEASE\spring-jcl-5.0.5.RELEASE.jar;G:\Software\maven-repo-for-my-proj\org\springframework\spring-test\5.0.5.RELEASE\spring-test-5.0.5.RELEASE.jar;G:\Software\maven-repo-for-my-proj\org\xmlunit\xmlunit-core\2.5.1\xmlunit-core-2.5.1.jar;G:\Software\maven-repo-for-my-proj\junit\junit\4.11\junit-4.11.jar;"/>
    <property name="sun.cpu.endian" value="little"/>
    <property name="user.home" value="C:\Users\user"/>
    <property name="user.language" value="en"/>
    <property name="java.specification.vendor" value="Oracle Corporation"/>
    <property name="java.home" value="C:\Program Files\Java\jdk1.8.0_131\jre"/>
    <property name="basedir" value="G:\Workspace\Git_Workspace\SpringBootExamples\shipwreckboot"/>
    <property name="file.separator" value="\"/>
    <property name="line.separator" value="&#10;"/>
    <property name="java.vm.specification.vendor" value="Oracle Corporation"/>
    <property name="java.specification.name" value="Java Platform API Specification"/>
    <property name="java.awt.graphicsenv" value="sun.awt.Win32GraphicsEnvironment"/>
    <property name="surefire.real.class.path" value="C:\cygwin\tmp\surefire182772766855814802\surefirebooter9139503055062083762.jar"/>
    <property name="sun.boot.class.path" value="C:\Program Files\Java\jdk1.8.0_131\jre\lib\resources.jar;C:\Program Files\Java\jdk1.8.0_131\jre\lib\rt.jar;C:\Program Files\Java\jdk1.8.0_131\jre\lib\sunrsasign.jar;C:\Program Files\Java\jdk1.8.0_131\jre\lib\jsse.jar;C:\Program Files\Java\jdk1.8.0_131\jre\lib\jce.jar;C:\Program Files\Java\jdk1.8.0_131\jre\lib\charsets.jar;C:\Program Files\Java\jdk1.8.0_131\jre\lib\jfr.jar;C:\Program Files\Java\jdk1.8.0_131\jre\classes"/>
    <property name="user.script" value=""/>
    <property name="sun.management.compiler" value="HotSpot 64-Bit Tiered Compilers"/>
    <property name="java.runtime.version" value="1.8.0_131-b11"/>
    <property name="user.name" value="user"/>
    <property name="path.separator" value=";"/>
    <property name="os.version" value="10.0"/>
    <property name="java.endorsed.dirs" value="C:\Program Files\Java\jdk1.8.0_131\jre\lib\endorsed"/>
    <property name="java.runtime.name" value="Java(TM) SE Runtime Environment"/>
    <property name="file.encoding" value="Cp1252"/>
    <property name="java.vm.name" value="Java HotSpot(TM) 64-Bit Server VM"/>
    <property name="localRepository" value="G:\Software\maven-repo-for-my-proj"/>
    <property name="java.vendor.url.bug" value="http://bugreport.sun.com/bugreport/"/>
    <property name="java.io.tmpdir" value="C:\cygwin\tmp\"/>
    <property name="java.version" value="1.8.0_131"/>
    <property name="user.dir" value="G:\Workspace\Git_Workspace\SpringBootExamples\shipwreckboot"/>
    <property name="os.arch" value="amd64"/>
    <property name="java.vm.specification.name" value="Java Virtual Machine Specification"/>
    <property name="java.awt.printerjob" value="sun.awt.windows.WPrinterJob"/>
    <property name="sun.os.patch.level" value=""/>
    <property name="java.library.path" value="C:\Program Files\Java\jdk1.8.0_131\jre\bin;C:\WINDOWS\Sun\Java\bin;C:\WINDOWS\system32;C:\WINDOWS;C:\cygwin\usr\local\bin;C:\cygwin\bin;C:\ProgramData\Oracle\Java\javapath;C:\WINDOWS\system32;C:\WINDOWS;C:\WINDOWS\System32\Wbem;C:\WINDOWS\System32\WindowsPowerShell\v1.0;.;G:\Workspace\apache-maven-3.2.5\bin;C:\Program Files\Java\jdk1.8.0_91\bin;C:\Program Files (x86)\Skype\Phone;C:\Program Files (x86)\Brackets\command;C:\Program Files\nodejs;C:\ProgramData\chocolatey\bin;C:\Program Files\Java\jdk1.8.0_131\bin;C:\Android\android-sdk\tools;C:\Android\android-sdk\platform-tools;C:\Program Files (x86)\Gow\bin;C:\Users\user\AppData\Roaming\npm;G:\Software\apache-maven-3.2.5\bin;C:\Users\user\AppData\Local\Microsoft\WindowsApps;."/>
    <property name="java.vm.info" value="mixed mode"/>
    <property name="java.vendor" value="Oracle Corporation"/>
    <property name="java.vm.version" value="25.131-b11"/>
    <property name="java.ext.dirs" value="C:\Program Files\Java\jdk1.8.0_131\jre\lib\ext;C:\WINDOWS\Sun\Java\lib\ext"/>
    <property name="sun.io.unicode.encoding" value="UnicodeLittle"/>
    <property name="java.class.version" value="52.0"/>
  </properties>
  <testcase name="test" classname="com.boot.AppTest" time="0"/>
</testsuite>